============================================================
  Generated by:           Genus(TM) Synthesis Solution GENUS15.20 - 15.20-p004_1
  Generated on:           May 23 2025  11:34:22 pm
  Module:                 synth_wrapper
  Interconnect mode:      global
  Area mode:              timing library
============================================================

                                              
           Gate            Instances   Area                Library             
-------------------------------------------------------------------------------
sky130_fd_sc_hd__clkinv_2          1    5.005    sky130_fd_sc_hd__tt_025C_1v80 
sky130_fd_sc_hd__dfrtp_1           8  200.192    sky130_fd_sc_hd__tt_025C_1v80 
sky130_fd_sc_hd__inv_1             1    3.754    sky130_fd_sc_hd__tt_025C_1v80 
sky130_fd_sc_hd__inv_2             2    7.507    sky130_fd_sc_hd__tt_025C_1v80 
sky130_fd_sc_hd__nand2_1           3   11.261    sky130_fd_sc_hd__tt_025C_1v80 
sky130_fd_sc_hd__nand2_2           1    6.256    sky130_fd_sc_hd__tt_025C_1v80 
sky130_fd_sc_hd__nand2b_1          2   12.512    sky130_fd_sc_hd__tt_025C_1v80 
sky130_fd_sc_hd__nand4_2           1   12.512    sky130_fd_sc_hd__tt_025C_1v80 
sky130_fd_sc_hd__o211ai_2          1   12.512    sky130_fd_sc_hd__tt_025C_1v80 
sky130_fd_sc_hd__xnor2_1           2   17.517    sky130_fd_sc_hd__tt_025C_1v80 
sky130_fd_sc_hd__xor2_1            1    8.758    sky130_fd_sc_hd__tt_025C_1v80 
-------------------------------------------------------------------------------
total                             23  297.786                                  


                                    
   Type    Instances   Area  Area % 
------------------------------------
sequential         8 200.192   67.2 
inverter           4  16.266    5.5 
logic             11  81.328   27.3 
------------------------------------
total             23 297.786  100.0 

