============================================================
  Generated by:           Genus(TM) Synthesis Solution GENUS15.20 - 15.20-p004_1
  Generated on:           May 23 2025  11:34:22 pm
  Module:                 synth_wrapper
  Interconnect mode:      global
  Area mode:              timing library
============================================================

Timing
--------

Clock Period 
-------------
clk   1000.0 


  Cost    Critical       Violating 
 Group   Path Slack TNS    Paths   
-----------------------------------
default         4.5   0          0 
-----------------------------------
Total                 0          0 

Instance Count
--------------
Leaf Instance Count             23 
Sequential Instance Count        8 
Combinational Instance Count    15 
Hierarchical Instance Count      2 

Area
----
Cell Area                          297.786
Physical Cell Area                 0.000
Total Cell Area (Cell+Physical)    297.786
Net Area                           111.210
Total Area (Cell+Physical+Net)     408.996

Max Fanout                         8 (clk)
Min Fanout                         1 (out[0])
Average Fanout                     2.2
Terms to net ratio                 3.0
Terms to instance ratio            3.3
Runtime                            6.968 seconds
Elapsed Runtime                    8 seconds
RC peak memory usage:              440.68 
EDI peak memory usage:             no_value 
Hostname                           centos7
